<?xml version="1.0" encoding="UTF-8"?>
<robot generator="Robot 5.0 (Python 3.9.6 on win32)" generated="20221031 10:13:51.709" rpa="false" schemaversion="3">
<suite id="s1" name="SpringMigrationRecources" source="C:\CEZ\wokAutomation\SpringMigrationRecources.robot">
<test id="s1-t1" name="Get_removed_spring_properties" line="8">
<kw name="Open_browser_on_url">
<arg>https://github.com/spring-projects/spring-boot/wiki/Spring-Boot-2.7.0-Configuration-Changelog</arg>
<doc>Opens browser on given url</doc>
<kw name="Open Browser" library="SeleniumLibrary">
<arg>${url}</arg>
<arg>Chrome</arg>
<doc>Opens a new browser instance to the optional ``url``.</doc>
<msg timestamp="20221031 10:13:52.155" level="INFO">Opening browser 'Chrome' to base url 'https://github.com/spring-projects/spring-boot/wiki/Spring-Boot-2.7.0-Configuration-Changelog'.</msg>
<status status="PASS" starttime="20221031 10:13:52.155" endtime="20221031 10:13:54.838"/>
</kw>
<kw name="Maximize Browser Window" library="SeleniumLibrary">
<doc>Maximizes current browser window.</doc>
<status status="PASS" starttime="20221031 10:13:54.839" endtime="20221031 10:13:54.978"/>
</kw>
<status status="PASS" starttime="20221031 10:13:52.153" endtime="20221031 10:13:54.978"/>
</kw>
<kw name="Get_table_column_values">
<var>@{list}</var>
<doc>Get values from given table on page</doc>
<kw name="Get WebElements" library="SeleniumLibrary">
<var>@{column_values}</var>
<arg>//*[@id="wiki-body"]/div/div[4]/div/table/tbody/tr/td[1]/p</arg>
<doc>Returns a list of WebElement objects matching the ``locator``.</doc>
<msg timestamp="20221031 10:13:55.008" level="INFO">@{column_values} = [ &lt;selenium.webdriver.remote.webelement.WebElement (session="90ac9993acb26846aa52f7d1aeb88b8c", element="3d7ca8fb-07fd-4ea7-8c08-5ad61acc157c")&gt; | &lt;selenium.webdriver.remote.webelement.WebElement (ses...</msg>
<status status="PASS" starttime="20221031 10:13:54.980" endtime="20221031 10:13:55.008"/>
</kw>
<kw name="Create List" library="BuiltIn">
<var>@{values_list}</var>
<doc>Returns a list containing given items.</doc>
<msg timestamp="20221031 10:13:55.009" level="INFO">@{values_list} = [ ]</msg>
<status status="PASS" starttime="20221031 10:13:55.008" endtime="20221031 10:13:55.009"/>
</kw>
<for flavor="IN">
<var>${value}</var>
<value>@{column_values}</value>
<iter>
<var name="${value}">&lt;selenium.webdriver.remote.webelement.WebElement (session="90ac9993acb26846aa52f7d1aeb88b8c", element="3d7ca8fb-07fd-4ea7-8c08-5ad61acc157c")&gt;</var>
<kw name="Get Text" library="SeleniumLibrary">
<var>${text}</var>
<arg>${value}</arg>
<doc>Returns the text value of the element identified by ``locator``.</doc>
<msg timestamp="20221031 10:13:55.035" level="INFO">${text} = Key</msg>
<status status="PASS" starttime="20221031 10:13:55.009" endtime="20221031 10:13:55.035"/>
</kw>
<kw name="Append To List" library="Collections">
<arg>${values_list}</arg>
<arg>${text}</arg>
<doc>Adds ``values`` to the end of ``list``.</doc>
<status status="PASS" starttime="20221031 10:13:55.036" endtime="20221031 10:13:55.036"/>
</kw>
<status status="PASS" starttime="20221031 10:13:55.009" endtime="20221031 10:13:55.036"/>
</iter>
<iter>
<var name="${value}">&lt;selenium.webdriver.remote.webelement.WebElement (session="90ac9993acb26846aa52f7d1aeb88b8c", element="c901527d-824f-4ff5-b57d-bca0fd92623f")&gt;</var>
<kw name="Get Text" library="SeleniumLibrary">
<var>${text}</var>
<arg>${value}</arg>
<doc>Returns the text value of the element identified by ``locator``.</doc>
<msg timestamp="20221031 10:13:55.117" level="INFO">${text} = spring.artemis.host</msg>
<status status="PASS" starttime="20221031 10:13:55.037" endtime="20221031 10:13:55.117"/>
</kw>
<kw name="Append To List" library="Collections">
<arg>${values_list}</arg>
<arg>${text}</arg>
<doc>Adds ``values`` to the end of ``list``.</doc>
<status status="PASS" starttime="20221031 10:13:55.117" endtime="20221031 10:13:55.118"/>
</kw>
<status status="PASS" starttime="20221031 10:13:55.037" endtime="20221031 10:13:55.118"/>
</iter>
<iter>
<var name="${value}">&lt;selenium.webdriver.remote.webelement.WebElement (session="90ac9993acb26846aa52f7d1aeb88b8c", element="48235247-a0a2-4590-a0d4-1a937fe33e87")&gt;</var>
<kw name="Get Text" library="SeleniumLibrary">
<var>${text}</var>
<arg>${value}</arg>
<doc>Returns the text value of the element identified by ``locator``.</doc>
<msg timestamp="20221031 10:13:55.159" level="INFO">${text} = spring.artemis.port</msg>
<status status="PASS" starttime="20221031 10:13:55.118" endtime="20221031 10:13:55.159"/>
</kw>
<kw name="Append To List" library="Collections">
<arg>${values_list}</arg>
<arg>${text}</arg>
<doc>Adds ``values`` to the end of ``list``.</doc>
<status status="PASS" starttime="20221031 10:13:55.160" endtime="20221031 10:13:55.161"/>
</kw>
<status status="PASS" starttime="20221031 10:13:55.118" endtime="20221031 10:13:55.161"/>
</iter>
<iter>
<var name="${value}">&lt;selenium.webdriver.remote.webelement.WebElement (session="90ac9993acb26846aa52f7d1aeb88b8c", element="9860fd8a-5399-4e0e-baf1-d1fdda7ecbf3")&gt;</var>
<kw name="Get Text" library="SeleniumLibrary">
<var>${text}</var>
<arg>${value}</arg>
<doc>Returns the text value of the element identified by ``locator``.</doc>
<msg timestamp="20221031 10:13:55.191" level="INFO">${text} = spring.batch.initialize-schema</msg>
<status status="PASS" starttime="20221031 10:13:55.162" endtime="20221031 10:13:55.191"/>
</kw>
<kw name="Append To List" library="Collections">
<arg>${values_list}</arg>
<arg>${text}</arg>
<doc>Adds ``values`` to the end of ``list``.</doc>
<status status="PASS" starttime="20221031 10:13:55.191" endtime="20221031 10:13:55.192"/>
</kw>
<status status="PASS" starttime="20221031 10:13:55.162" endtime="20221031 10:13:55.192"/>
</iter>
<iter>
<var name="${value}">&lt;selenium.webdriver.remote.webelement.WebElement (session="90ac9993acb26846aa52f7d1aeb88b8c", element="9eb352c6-d1ad-4780-95ec-893be6e868da")&gt;</var>
<kw name="Get Text" library="SeleniumLibrary">
<var>${text}</var>
<arg>${value}</arg>
<doc>Returns the text value of the element identified by ``locator``.</doc>
<msg timestamp="20221031 10:13:55.216" level="INFO">${text} = spring.batch.schema</msg>
<status status="PASS" starttime="20221031 10:13:55.192" endtime="20221031 10:13:55.217"/>
</kw>
<kw name="Append To List" library="Collections">
<arg>${values_list}</arg>
<arg>${text}</arg>
<doc>Adds ``values`` to the end of ``list``.</doc>
<status status="PASS" starttime="20221031 10:13:55.217" endtime="20221031 10:13:55.217"/>
</kw>
<status status="PASS" starttime="20221031 10:13:55.192" endtime="20221031 10:13:55.217"/>
</iter>
<iter>
<var name="${value}">&lt;selenium.webdriver.remote.webelement.WebElement (session="90ac9993acb26846aa52f7d1aeb88b8c", element="992e2405-54d6-4653-a684-173866ff05db")&gt;</var>
<kw name="Get Text" library="SeleniumLibrary">
<var>${text}</var>
<arg>${value}</arg>
<doc>Returns the text value of the element identified by ``locator``.</doc>
<msg timestamp="20221031 10:13:55.243" level="INFO">${text} = spring.batch.table-prefix</msg>
<status status="PASS" starttime="20221031 10:13:55.218" endtime="20221031 10:13:55.243"/>
</kw>
<kw name="Append To List" library="Collections">
<arg>${values_list}</arg>
<arg>${text}</arg>
<doc>Adds ``values`` to the end of ``list``.</doc>
<status status="PASS" starttime="20221031 10:13:55.243" endtime="20221031 10:13:55.243"/>
</kw>
<status status="PASS" starttime="20221031 10:13:55.218" endtime="20221031 10:13:55.243"/>
</iter>
<iter>
<var name="${value}">&lt;selenium.webdriver.remote.webelement.WebElement (session="90ac9993acb26846aa52f7d1aeb88b8c", element="0338b71a-544e-4fc4-b0af-bf254b04d339")&gt;</var>
<kw name="Get Text" library="SeleniumLibrary">
<var>${text}</var>
<arg>${value}</arg>
<doc>Returns the text value of the element identified by ``locator``.</doc>
<msg timestamp="20221031 10:13:55.266" level="INFO">${text} = spring.datasource.continue-on-error</msg>
<status status="PASS" starttime="20221031 10:13:55.244" endtime="20221031 10:13:55.266"/>
</kw>
<kw name="Append To List" library="Collections">
<arg>${values_list}</arg>
<arg>${text}</arg>
<doc>Adds ``values`` to the end of ``list``.</doc>
<status status="PASS" starttime="20221031 10:13:55.267" endtime="20221031 10:13:55.267"/>
</kw>
<status status="PASS" starttime="20221031 10:13:55.243" endtime="20221031 10:13:55.267"/>
</iter>
<iter>
<var name="${value}">&lt;selenium.webdriver.remote.webelement.WebElement (session="90ac9993acb26846aa52f7d1aeb88b8c", element="364ea207-684b-4509-aff0-6fc025fb217c")&gt;</var>
<kw name="Get Text" library="SeleniumLibrary">
<var>${text}</var>
<arg>${value}</arg>
<doc>Returns the text value of the element identified by ``locator``.</doc>
<msg timestamp="20221031 10:13:55.291" level="INFO">${text} = spring.datasource.data</msg>
<status status="PASS" starttime="20221031 10:13:55.268" endtime="20221031 10:13:55.291"/>
</kw>
<kw name="Append To List" library="Collections">
<arg>${values_list}</arg>
<arg>${text}</arg>
<doc>Adds ``values`` to the end of ``list``.</doc>
<status status="PASS" starttime="20221031 10:13:55.291" endtime="20221031 10:13:55.292"/>
</kw>
<status status="PASS" starttime="20221031 10:13:55.268" endtime="20221031 10:13:55.292"/>
</iter>
<iter>
<var name="${value}">&lt;selenium.webdriver.remote.webelement.WebElement (session="90ac9993acb26846aa52f7d1aeb88b8c", element="9d021bb7-b28d-490b-871f-3ba6f8c34b34")&gt;</var>
<kw name="Get Text" library="SeleniumLibrary">
<var>${text}</var>
<arg>${value}</arg>
<doc>Returns the text value of the element identified by ``locator``.</doc>
<msg timestamp="20221031 10:13:55.315" level="INFO">${text} = spring.datasource.data-password</msg>
<status status="PASS" starttime="20221031 10:13:55.292" endtime="20221031 10:13:55.315"/>
</kw>
<kw name="Append To List" library="Collections">
<arg>${values_list}</arg>
<arg>${text}</arg>
<doc>Adds ``values`` to the end of ``list``.</doc>
<status status="PASS" starttime="20221031 10:13:55.316" endtime="20221031 10:13:55.316"/>
</kw>
<status status="PASS" starttime="20221031 10:13:55.292" endtime="20221031 10:13:55.316"/>
</iter>
<iter>
<var name="${value}">&lt;selenium.webdriver.remote.webelement.WebElement (session="90ac9993acb26846aa52f7d1aeb88b8c", element="defba8ac-53df-4738-b4ef-40cd3c44cb44")&gt;</var>
<kw name="Get Text" library="SeleniumLibrary">
<var>${text}</var>
<arg>${value}</arg>
<doc>Returns the text value of the element identified by ``locator``.</doc>
<msg timestamp="20221031 10:13:55.337" level="INFO">${text} = spring.datasource.data-username</msg>
<status status="PASS" starttime="20221031 10:13:55.316" endtime="20221031 10:13:55.337"/>
</kw>
<kw name="Append To List" library="Collections">
<arg>${values_list}</arg>
<arg>${text}</arg>
<doc>Adds ``values`` to the end of ``list``.</doc>
<status status="PASS" starttime="20221031 10:13:55.337" endtime="20221031 10:13:55.338"/>
</kw>
<status status="PASS" starttime="20221031 10:13:55.316" endtime="20221031 10:13:55.338"/>
</iter>
<iter>
<var name="${value}">&lt;selenium.webdriver.remote.webelement.WebElement (session="90ac9993acb26846aa52f7d1aeb88b8c", element="786fccc4-ff02-490e-8e58-621b4f0ca49a")&gt;</var>
<kw name="Get Text" library="SeleniumLibrary">
<var>${text}</var>
<arg>${value}</arg>
<doc>Returns the text value of the element identified by ``locator``.</doc>
<msg timestamp="20221031 10:13:55.358" level="INFO">${text} = spring.datasource.initialization-mode</msg>
<status status="PASS" starttime="20221031 10:13:55.338" endtime="20221031 10:13:55.358"/>
</kw>
<kw name="Append To List" library="Collections">
<arg>${values_list}</arg>
<arg>${text}</arg>
<doc>Adds ``values`` to the end of ``list``.</doc>
<status status="PASS" starttime="20221031 10:13:55.359" endtime="20221031 10:13:55.359"/>
</kw>
<status status="PASS" starttime="20221031 10:13:55.338" endtime="20221031 10:13:55.359"/>
</iter>
<iter>
<var name="${value}">&lt;selenium.webdriver.remote.webelement.WebElement (session="90ac9993acb26846aa52f7d1aeb88b8c", element="7122e4d7-8dc9-433f-b648-9cbde32410d3")&gt;</var>
<kw name="Get Text" library="SeleniumLibrary">
<var>${text}</var>
<arg>${value}</arg>
<doc>Returns the text value of the element identified by ``locator``.</doc>
<msg timestamp="20221031 10:13:55.379" level="INFO">${text} = spring.datasource.platform</msg>
<status status="PASS" starttime="20221031 10:13:55.360" endtime="20221031 10:13:55.379"/>
</kw>
<kw name="Append To List" library="Collections">
<arg>${values_list}</arg>
<arg>${text}</arg>
<doc>Adds ``values`` to the end of ``list``.</doc>
<status status="PASS" starttime="20221031 10:13:55.379" endtime="20221031 10:13:55.379"/>
</kw>
<status status="PASS" starttime="20221031 10:13:55.359" endtime="20221031 10:13:55.380"/>
</iter>
<iter>
<var name="${value}">&lt;selenium.webdriver.remote.webelement.WebElement (session="90ac9993acb26846aa52f7d1aeb88b8c", element="c393a79f-b4f7-4be2-91de-2113491ec0ca")&gt;</var>
<kw name="Get Text" library="SeleniumLibrary">
<var>${text}</var>
<arg>${value}</arg>
<doc>Returns the text value of the element identified by ``locator``.</doc>
<msg timestamp="20221031 10:13:55.400" level="INFO">${text} = spring.datasource.schema</msg>
<status status="PASS" starttime="20221031 10:13:55.380" endtime="20221031 10:13:55.400"/>
</kw>
<kw name="Append To List" library="Collections">
<arg>${values_list}</arg>
<arg>${text}</arg>
<doc>Adds ``values`` to the end of ``list``.</doc>
<status status="PASS" starttime="20221031 10:13:55.401" endtime="20221031 10:13:55.401"/>
</kw>
<status status="PASS" starttime="20221031 10:13:55.380" endtime="20221031 10:13:55.401"/>
</iter>
<iter>
<var name="${value}">&lt;selenium.webdriver.remote.webelement.WebElement (session="90ac9993acb26846aa52f7d1aeb88b8c", element="a2cfb417-1ddd-4268-849b-e46c9e5284e8")&gt;</var>
<kw name="Get Text" library="SeleniumLibrary">
<var>${text}</var>
<arg>${value}</arg>
<doc>Returns the text value of the element identified by ``locator``.</doc>
<msg timestamp="20221031 10:13:55.420" level="INFO">${text} = spring.datasource.schema-password</msg>
<status status="PASS" starttime="20221031 10:13:55.401" endtime="20221031 10:13:55.420"/>
</kw>
<kw name="Append To List" library="Collections">
<arg>${values_list}</arg>
<arg>${text}</arg>
<doc>Adds ``values`` to the end of ``list``.</doc>
<status status="PASS" starttime="20221031 10:13:55.420" endtime="20221031 10:13:55.421"/>
</kw>
<status status="PASS" starttime="20221031 10:13:55.401" endtime="20221031 10:13:55.421"/>
</iter>
<iter>
<var name="${value}">&lt;selenium.webdriver.remote.webelement.WebElement (session="90ac9993acb26846aa52f7d1aeb88b8c", element="49600c6e-2e59-4dc8-a838-e357e03c5945")&gt;</var>
<kw name="Get Text" library="SeleniumLibrary">
<var>${text}</var>
<arg>${value}</arg>
<doc>Returns the text value of the element identified by ``locator``.</doc>
<msg timestamp="20221031 10:13:55.441" level="INFO">${text} = spring.datasource.schema-username</msg>
<status status="PASS" starttime="20221031 10:13:55.421" endtime="20221031 10:13:55.441"/>
</kw>
<kw name="Append To List" library="Collections">
<arg>${values_list}</arg>
<arg>${text}</arg>
<doc>Adds ``values`` to the end of ``list``.</doc>
<status status="PASS" starttime="20221031 10:13:55.441" endtime="20221031 10:13:55.441"/>
</kw>
<status status="PASS" starttime="20221031 10:13:55.421" endtime="20221031 10:13:55.442"/>
</iter>
<iter>
<var name="${value}">&lt;selenium.webdriver.remote.webelement.WebElement (session="90ac9993acb26846aa52f7d1aeb88b8c", element="a51c3d44-4933-421d-ade8-c458d73a8c8a")&gt;</var>
<kw name="Get Text" library="SeleniumLibrary">
<var>${text}</var>
<arg>${value}</arg>
<doc>Returns the text value of the element identified by ``locator``.</doc>
<msg timestamp="20221031 10:13:55.461" level="INFO">${text} = spring.datasource.separator</msg>
<status status="PASS" starttime="20221031 10:13:55.442" endtime="20221031 10:13:55.462"/>
</kw>
<kw name="Append To List" library="Collections">
<arg>${values_list}</arg>
<arg>${text}</arg>
<doc>Adds ``values`` to the end of ``list``.</doc>
<status status="PASS" starttime="20221031 10:13:55.462" endtime="20221031 10:13:55.464"/>
</kw>
<status status="PASS" starttime="20221031 10:13:55.442" endtime="20221031 10:13:55.464"/>
</iter>
<iter>
<var name="${value}">&lt;selenium.webdriver.remote.webelement.WebElement (session="90ac9993acb26846aa52f7d1aeb88b8c", element="bc93ef80-a1b7-46ff-a467-164c31264085")&gt;</var>
<kw name="Get Text" library="SeleniumLibrary">
<var>${text}</var>
<arg>${value}</arg>
<doc>Returns the text value of the element identified by ``locator``.</doc>
<msg timestamp="20221031 10:13:55.492" level="INFO">${text} = spring.datasource.sql-script-encoding</msg>
<status status="PASS" starttime="20221031 10:13:55.465" endtime="20221031 10:13:55.492"/>
</kw>
<kw name="Append To List" library="Collections">
<arg>${values_list}</arg>
<arg>${text}</arg>
<doc>Adds ``values`` to the end of ``list``.</doc>
<status status="PASS" starttime="20221031 10:13:55.492" endtime="20221031 10:13:55.493"/>
</kw>
<status status="PASS" starttime="20221031 10:13:55.464" endtime="20221031 10:13:55.493"/>
</iter>
<iter>
<var name="${value}">&lt;selenium.webdriver.remote.webelement.WebElement (session="90ac9993acb26846aa52f7d1aeb88b8c", element="ab307fd0-1bf3-4ce2-87e6-2a38b223e674")&gt;</var>
<kw name="Get Text" library="SeleniumLibrary">
<var>${text}</var>
<arg>${value}</arg>
<doc>Returns the text value of the element identified by ``locator``.</doc>
<msg timestamp="20221031 10:13:55.515" level="INFO">${text} = spring.flyway.check-location</msg>
<status status="PASS" starttime="20221031 10:13:55.493" endtime="20221031 10:13:55.515"/>
</kw>
<kw name="Append To List" library="Collections">
<arg>${values_list}</arg>
<arg>${text}</arg>
<doc>Adds ``values`` to the end of ``list``.</doc>
<status status="PASS" starttime="20221031 10:13:55.515" endtime="20221031 10:13:55.516"/>
</kw>
<status status="PASS" starttime="20221031 10:13:55.493" endtime="20221031 10:13:55.516"/>
</iter>
<iter>
<var name="${value}">&lt;selenium.webdriver.remote.webelement.WebElement (session="90ac9993acb26846aa52f7d1aeb88b8c", element="cdb83de2-99e5-45fc-a167-cdf32c21fead")&gt;</var>
<kw name="Get Text" library="SeleniumLibrary">
<var>${text}</var>
<arg>${value}</arg>
<doc>Returns the text value of the element identified by ``locator``.</doc>
<msg timestamp="20221031 10:13:55.540" level="INFO">${text} = spring.mongodb.embedded.features</msg>
<status status="PASS" starttime="20221031 10:13:55.517" endtime="20221031 10:13:55.540"/>
</kw>
<kw name="Append To List" library="Collections">
<arg>${values_list}</arg>
<arg>${text}</arg>
<doc>Adds ``values`` to the end of ``list``.</doc>
<status status="PASS" starttime="20221031 10:13:55.541" endtime="20221031 10:13:55.541"/>
</kw>
<status status="PASS" starttime="20221031 10:13:55.516" endtime="20221031 10:13:55.541"/>
</iter>
<status status="PASS" starttime="20221031 10:13:55.009" endtime="20221031 10:13:55.542"/>
</for>
<msg timestamp="20221031 10:13:55.542" level="INFO">@{list} = [ Key | spring.artemis.host | spring.artemis.port | spring.batch.initialize-schema | spring.batch.schema | spring.batch.table-prefix | spring.datasource.continue-on-error | spring.datasource.data | sp...</msg>
<status status="PASS" starttime="20221031 10:13:54.979" endtime="20221031 10:13:55.542"/>
</kw>
<kw name="Write_list_on_console">
<arg>@{list}</arg>
<doc>Write list on console output</doc>
<for flavor="IN">
<var>${element}</var>
<value>@{list}</value>
<iter>
<var name="${element}">Key</var>
<kw name="Log To Console" library="BuiltIn">
<arg>${element}</arg>
<doc>Logs the given message to the console.</doc>
<status status="PASS" starttime="20221031 10:13:55.543" endtime="20221031 10:13:55.543"/>
</kw>
<status status="PASS" starttime="20221031 10:13:55.543" endtime="20221031 10:13:55.544"/>
</iter>
<iter>
<var name="${element}">spring.artemis.host</var>
<kw name="Log To Console" library="BuiltIn">
<arg>${element}</arg>
<doc>Logs the given message to the console.</doc>
<status status="PASS" starttime="20221031 10:13:55.544" endtime="20221031 10:13:55.544"/>
</kw>
<status status="PASS" starttime="20221031 10:13:55.544" endtime="20221031 10:13:55.545"/>
</iter>
<iter>
<var name="${element}">spring.artemis.port</var>
<kw name="Log To Console" library="BuiltIn">
<arg>${element}</arg>
<doc>Logs the given message to the console.</doc>
<status status="PASS" starttime="20221031 10:13:55.545" endtime="20221031 10:13:55.545"/>
</kw>
<status status="PASS" starttime="20221031 10:13:55.545" endtime="20221031 10:13:55.545"/>
</iter>
<iter>
<var name="${element}">spring.batch.initialize-schema</var>
<kw name="Log To Console" library="BuiltIn">
<arg>${element}</arg>
<doc>Logs the given message to the console.</doc>
<status status="PASS" starttime="20221031 10:13:55.546" endtime="20221031 10:13:55.547"/>
</kw>
<status status="PASS" starttime="20221031 10:13:55.546" endtime="20221031 10:13:55.547"/>
</iter>
<iter>
<var name="${element}">spring.batch.schema</var>
<kw name="Log To Console" library="BuiltIn">
<arg>${element}</arg>
<doc>Logs the given message to the console.</doc>
<status status="PASS" starttime="20221031 10:13:55.547" endtime="20221031 10:13:55.549"/>
</kw>
<status status="PASS" starttime="20221031 10:13:55.547" endtime="20221031 10:13:55.549"/>
</iter>
<iter>
<var name="${element}">spring.batch.table-prefix</var>
<kw name="Log To Console" library="BuiltIn">
<arg>${element}</arg>
<doc>Logs the given message to the console.</doc>
<status status="PASS" starttime="20221031 10:13:55.550" endtime="20221031 10:13:55.550"/>
</kw>
<status status="PASS" starttime="20221031 10:13:55.549" endtime="20221031 10:13:55.551"/>
</iter>
<iter>
<var name="${element}">spring.datasource.continue-on-error</var>
<kw name="Log To Console" library="BuiltIn">
<arg>${element}</arg>
<doc>Logs the given message to the console.</doc>
<status status="PASS" starttime="20221031 10:13:55.551" endtime="20221031 10:13:55.552"/>
</kw>
<status status="PASS" starttime="20221031 10:13:55.551" endtime="20221031 10:13:55.552"/>
</iter>
<iter>
<var name="${element}">spring.datasource.data</var>
<kw name="Log To Console" library="BuiltIn">
<arg>${element}</arg>
<doc>Logs the given message to the console.</doc>
<status status="PASS" starttime="20221031 10:13:55.552" endtime="20221031 10:13:55.553"/>
</kw>
<status status="PASS" starttime="20221031 10:13:55.552" endtime="20221031 10:13:55.553"/>
</iter>
<iter>
<var name="${element}">spring.datasource.data-password</var>
<kw name="Log To Console" library="BuiltIn">
<arg>${element}</arg>
<doc>Logs the given message to the console.</doc>
<status status="PASS" starttime="20221031 10:13:55.554" endtime="20221031 10:13:55.554"/>
</kw>
<status status="PASS" starttime="20221031 10:13:55.553" endtime="20221031 10:13:55.554"/>
</iter>
<iter>
<var name="${element}">spring.datasource.data-username</var>
<kw name="Log To Console" library="BuiltIn">
<arg>${element}</arg>
<doc>Logs the given message to the console.</doc>
<status status="PASS" starttime="20221031 10:13:55.555" endtime="20221031 10:13:55.555"/>
</kw>
<status status="PASS" starttime="20221031 10:13:55.554" endtime="20221031 10:13:55.555"/>
</iter>
<iter>
<var name="${element}">spring.datasource.initialization-mode</var>
<kw name="Log To Console" library="BuiltIn">
<arg>${element}</arg>
<doc>Logs the given message to the console.</doc>
<status status="PASS" starttime="20221031 10:13:55.556" endtime="20221031 10:13:55.556"/>
</kw>
<status status="PASS" starttime="20221031 10:13:55.555" endtime="20221031 10:13:55.556"/>
</iter>
<iter>
<var name="${element}">spring.datasource.platform</var>
<kw name="Log To Console" library="BuiltIn">
<arg>${element}</arg>
<doc>Logs the given message to the console.</doc>
<status status="PASS" starttime="20221031 10:13:55.556" endtime="20221031 10:13:55.557"/>
</kw>
<status status="PASS" starttime="20221031 10:13:55.556" endtime="20221031 10:13:55.557"/>
</iter>
<iter>
<var name="${element}">spring.datasource.schema</var>
<kw name="Log To Console" library="BuiltIn">
<arg>${element}</arg>
<doc>Logs the given message to the console.</doc>
<status status="PASS" starttime="20221031 10:13:55.557" endtime="20221031 10:13:55.558"/>
</kw>
<status status="PASS" starttime="20221031 10:13:55.557" endtime="20221031 10:13:55.558"/>
</iter>
<iter>
<var name="${element}">spring.datasource.schema-password</var>
<kw name="Log To Console" library="BuiltIn">
<arg>${element}</arg>
<doc>Logs the given message to the console.</doc>
<status status="PASS" starttime="20221031 10:13:55.559" endtime="20221031 10:13:55.559"/>
</kw>
<status status="PASS" starttime="20221031 10:13:55.559" endtime="20221031 10:13:55.560"/>
</iter>
<iter>
<var name="${element}">spring.datasource.schema-username</var>
<kw name="Log To Console" library="BuiltIn">
<arg>${element}</arg>
<doc>Logs the given message to the console.</doc>
<status status="PASS" starttime="20221031 10:13:55.560" endtime="20221031 10:13:55.561"/>
</kw>
<status status="PASS" starttime="20221031 10:13:55.560" endtime="20221031 10:13:55.561"/>
</iter>
<iter>
<var name="${element}">spring.datasource.separator</var>
<kw name="Log To Console" library="BuiltIn">
<arg>${element}</arg>
<doc>Logs the given message to the console.</doc>
<status status="PASS" starttime="20221031 10:13:55.561" endtime="20221031 10:13:55.562"/>
</kw>
<status status="PASS" starttime="20221031 10:13:55.561" endtime="20221031 10:13:55.562"/>
</iter>
<iter>
<var name="${element}">spring.datasource.sql-script-encoding</var>
<kw name="Log To Console" library="BuiltIn">
<arg>${element}</arg>
<doc>Logs the given message to the console.</doc>
<status status="PASS" starttime="20221031 10:13:55.563" endtime="20221031 10:13:55.564"/>
</kw>
<status status="PASS" starttime="20221031 10:13:55.563" endtime="20221031 10:13:55.564"/>
</iter>
<iter>
<var name="${element}">spring.flyway.check-location</var>
<kw name="Log To Console" library="BuiltIn">
<arg>${element}</arg>
<doc>Logs the given message to the console.</doc>
<status status="PASS" starttime="20221031 10:13:55.565" endtime="20221031 10:13:55.566"/>
</kw>
<status status="PASS" starttime="20221031 10:13:55.564" endtime="20221031 10:13:55.566"/>
</iter>
<iter>
<var name="${element}">spring.mongodb.embedded.features</var>
<kw name="Log To Console" library="BuiltIn">
<arg>${element}</arg>
<doc>Logs the given message to the console.</doc>
<status status="PASS" starttime="20221031 10:13:55.566" endtime="20221031 10:13:55.567"/>
</kw>
<status status="PASS" starttime="20221031 10:13:55.566" endtime="20221031 10:13:55.567"/>
</iter>
<status status="PASS" starttime="20221031 10:13:55.543" endtime="20221031 10:13:55.567"/>
</for>
<status status="PASS" starttime="20221031 10:13:55.542" endtime="20221031 10:13:55.568"/>
</kw>
<kw name="Close All Browsers" library="SeleniumLibrary" type="TEARDOWN">
<doc>Closes all open browsers and resets the browser cache.</doc>
<status status="PASS" starttime="20221031 10:13:55.568" endtime="20221031 10:13:57.737"/>
</kw>
<doc>Get removed sprinmg properties for version 2.7.0</doc>
<status status="PASS" starttime="20221031 10:13:52.152" endtime="20221031 10:13:57.737"/>
</test>
<status status="PASS" starttime="20221031 10:13:51.715" endtime="20221031 10:13:57.738"/>
</suite>
<statistics>
<total>
<stat pass="1" fail="0" skip="0">All Tests</stat>
</total>
<tag>
</tag>
<suite>
<stat pass="1" fail="0" skip="0" id="s1" name="SpringMigrationRecources">SpringMigrationRecources</stat>
</suite>
</statistics>
<errors>
</errors>
</robot>
